# JRE version: Java(TM) SE Runtime Environment (11.0.2+9) (build 11.0.2+9-LTS)
# Java VM: Java HotSpot(TM) 64-Bit Server VM (11.0.2+9-LTS, mixed mode, tiered, compressed oops, g1 gc, windows-amd64)
Heap:
 garbage-first heap   total 260096K, used 106319K [0x0000000702e00000, 0x0000000800000000)
  region size 1024K, 98 young (100352K), 10 survivors (10240K)
 Metaspace       used 40305K, capacity 41618K, committed 41680K, reserved 1085440K
  class space    used 5151K, capacity 5652K, committed 5708K, reserved 1048576K
GC Heap History (10 events):
Event: 1.005 GC heap before
{Heap before GC invocations=1 (full 0):
 garbage-first heap   total 260096K, used 17526K [0x0000000702e00000, 0x0000000800000000)
  region size 1024K, 12 young (12288K), 3 survivors (3072K)
 Metaspace       used 14139K, capacity 14452K, committed 14720K, reserved 1062912K
  class space    used 1499K, capacity 1629K, committed 1664K, reserved 1048576K
}
Event: 1.007 GC heap after
{Heap after GC invocations=2 (full 0):
 garbage-first heap   total 260096K, used 8659K [0x0000000702e00000, 0x0000000800000000)
  region size 1024K, 1 young (1024K), 1 survivors (1024K)
 Metaspace       used 14139K, capacity 14452K, committed 14720K, reserved 1062912K
  class space    used 1499K, capacity 1629K, committed 1664K, reserved 1048576K
}
Event: 1.082 GC heap before
{Heap before GC invocations=2 (full 0):
 garbage-first heap   total 260096K, used 49619K [0x0000000702e00000, 0x0000000800000000)
  region size 1024K, 42 young (43008K), 1 survivors (1024K)
 Metaspace       used 14650K, capacity 15010K, committed 15104K, reserved 1062912K
  class space    used 1567K, capacity 1709K, committed 1792K, reserved 1048576K
}
Event: 1.083 GC heap after
{Heap after GC invocations=3 (full 0):
 garbage-first heap   total 260096K, used 8603K [0x0000000702e00000, 0x0000000800000000)
  region size 1024K, 1 young (1024K), 1 survivors (1024K)
 Metaspace       used 14650K, capacity 15010K, committed 15104K, reserved 1062912K
  class space    used 1567K, capacity 1709K, committed 1792K, reserved 1048576K
}
Event: 1.355 GC heap before
{Heap before GC invocations=3 (full 0):
 garbage-first heap   total 260096K, used 45467K [0x0000000702e00000, 0x0000000800000000)
  region size 1024K, 38 young (38912K), 1 survivors (1024K)
 Metaspace       used 20721K, capacity 21226K, committed 21296K, reserved 1069056K
  class space    used 2450K, capacity 2663K, committed 2688K, reserved 1048576K
}
Event: 1.357 GC heap after
{Heap after GC invocations=4 (full 0):
 garbage-first heap   total 260096K, used 10277K [0x0000000702e00000, 0x0000000800000000)
  region size 1024K, 2 young (2048K), 2 survivors (2048K)
 Metaspace       used 20721K, capacity 21226K, committed 21296K, reserved 1069056K
  class space    used 2450K, capacity 2663K, committed 2688K, reserved 1048576K
}
Event: 2.027 GC heap before
{Heap before GC invocations=5 (full 0):
 garbage-first heap   total 260096K, used 136229K [0x0000000702e00000, 0x0000000800000000)
  region size 1024K, 126 young (129024K), 2 survivors (2048K)
 Metaspace       used 28831K, capacity 29728K, committed 29948K, reserved 1075200K
  class space    used 3547K, capacity 3869K, committed 3916K, reserved 1048576K
}
Event: 2.031 GC heap after
{Heap after GC invocations=6 (full 0):
 garbage-first heap   total 260096K, used 14393K [0x0000000702e00000, 0x0000000800000000)
  region size 1024K, 6 young (6144K), 6 survivors (6144K)
 Metaspace       used 28831K, capacity 29728K, committed 29948K, reserved 1075200K
  class space    used 3547K, capacity 3869K, committed 3916K, reserved 1048576K
}
Event: 2.820 GC heap before
{Heap before GC invocations=6 (full 0):
 garbage-first heap   total 260096K, used 120889K [0x0000000702e00000, 0x0000000800000000)
  region size 1024K, 111 young (113664K), 6 survivors (6144K)
 Metaspace       used 34888K, capacity 35982K, committed 36048K, reserved 1081344K
  class space    used 4453K, capacity 4891K, committed 4940K, reserved 1048576K
}
Event: 2.831 GC heap after
{Heap after GC invocations=7 (full 0):
 garbage-first heap   total 260096K, used 18255K [0x0000000702e00000, 0x0000000800000000)
  region size 1024K, 10 young (10240K), 10 survivors (10240K)
 Metaspace       used 34888K, capacity 35982K, committed 36048K, reserved 1081344K
  class space    used 4453K, capacity 4891K, committed 4940K, reserved 1048576K
}

